$ npx tsx scripts/build.ts
(node:30412) ExperimentalWarning: `--experimental-loader` may be removed in the future; instead use `register()`:
--import 'data:text/javascript,import { register } from "node:module"; import { pathToFileURL } from "node:url"; register("file%3A///Users/benoit/Documents/Site-Pro/Site-crypto/swap-test/node_modules/tsx/dist/loader.js", pathToFileURL("./"));'
(Use `node --trace-warnings ...` to show where the warning was created)
Warning: 0x09bc4e0d864854c6afb6eb9a9cdf58ac190d0df9 is not checksummed.
Warning: 0x40e5c8045cd0a652c2bf94d4d383e7f38eed2cef is not checksummed.
Warning: 0x52db3e3c513f3258f59456865f0e446837a6d2be is not checksummed.
Warning: 0x8734110e5e1dcf439c7f549db740e546fea82d66 is not checksummed.
Warning: 0x8734110e5e1dcf439c7f549db740e546fea82d66 is not checksummed.
Warning: 0x8734110e5e1dcf439c7f549db740e546fea82d66 is not checksummed.
Warning: 0x8734110e5e1dcf439c7f549db740e546fea82d66 is not checksummed.
save farm config...
Starting build farm config 1
Farm list saved to  /Users/benoit/Documents/Site-Pro/Site-crypto/swap-test/packages/farms/lists/1.json
Lp list saved to  /Users/benoit/Documents/Site-Pro/Site-crypto/swap-test/packages/farms/lists/priceHelperLps/1.json
Starting build farm config 5
Farm list saved to  /Users/benoit/Documents/Site-Pro/Site-crypto/swap-test/packages/farms/lists/5.json
Lp list saved to  /Users/benoit/Documents/Site-Pro/Site-crypto/swap-test/packages/farms/lists/priceHelperLps/5.json
Starting build farm config 56
Farm list saved to  /Users/benoit/Documents/Site-Pro/Site-crypto/swap-test/packages/farms/lists/56.json
Lp list saved to  /Users/benoit/Documents/Site-Pro/Site-crypto/swap-test/packages/farms/lists/priceHelperLps/56.json
Starting build farm config 97
Farm list saved to  /Users/benoit/Documents/Site-Pro/Site-crypto/swap-test/packages/farms/lists/97.json
Lp list saved to  /Users/benoit/Documents/Site-Pro/Site-crypto/swap-test/packages/farms/lists/priceHelperLps/97.json
Starting build farm config 5001
Farm list saved to  /Users/benoit/Documents/Site-Pro/Site-crypto/swap-test/packages/farms/lists/5001.json
Lp list saved to  /Users/benoit/Documents/Site-Pro/Site-crypto/swap-test/packages/farms/lists/priceHelperLps/5001.json
Starting build farm config 5000
Farm list saved to  /Users/benoit/Documents/Site-Pro/Site-crypto/swap-test/packages/farms/lists/5000.json
Lp list saved to  /Users/benoit/Documents/Site-Pro/Site-crypto/swap-test/packages/farms/lists/priceHelperLps/5000.json
